<?xml version="1.0" encoding="UTF-8"?>
<!-- Generated by org.testng.reporters.JUnitReportReporter -->
<testsuite hostname="DESKTOP-85FK620" failures="0" tests="7" name="Tests.ComputerPageTest$ComputerTest" time="45.389" errors="0" timestamp="2022-11-21T14:46:49 IST" skipped="0">
  <testcase classname="Tests.ComputerPageTest$ComputerTest" name="login" time="3.232"/>
  <system-out>
    <![CDATA[Clicked on login link
entered user name
entered password
Clicked on login button]]>
  </system-out>
  <testcase classname="Tests.ComputerPageTest$ComputerTest" name="HomeExecution" time="1.144"/>
  <system-out>
    <![CDATA[Clicked on computer button]]>
  </system-out>
  <testcase classname="Tests.ComputerPageTest$ComputerTest" name="ComputerExecution" time="0.941"/>
  <system-out>
    <![CDATA[Clicked on Desktops link]]>
  </system-out>
  <testcase classname="Tests.ComputerPageTest$ComputerTest" name="DesktopsExecution" time="5.874"/>
  <system-out>
    <![CDATA[By default sortby dropdown is selected as Position
By default DisplayperPage dropdown is selected as 8
By default view as dropdown is selected as grid
Clicked on Expensive computer link]]>
  </system-out>
  <testcase classname="Tests.ComputerPageTest$ComputerTest" name="ExpensiveComputerExecution" time="11.569"/>
  <system-out>
    <![CDATA[By default processor is selected as Medium
By default HDD is selected as 320GB
By default RAM is selected as 2GB
Clicked on Image viewer
By default quality should be 1
Clicked on Add to cart button in expensive computer]]>
  </system-out>
  <testcase classname="Tests.ComputerPageTest$ComputerTest" name="ShoppingCartExecution" time="9.898"/>
  <system-out>
    <![CDATA[Clicked on Shopping cart link
Clicked on country dropdown and selected India
Clicked on Terms and condition checkbox
Clicked on checkout button]]>
  </system-out>
  <testcase classname="Tests.ComputerPageTest$ComputerTest" name="CheckoutExecution" time="12.731"/>
  <system-out>
    <![CDATA[Selected New address in billing address dropdown
Entered First Name in FirstName textfield
Entered Last Name in LastName textfield
Entered Email in Email textfield
Clicked on country dropdown and selected India
Entered City in City textfield
Entered Address in Address textfield
Entered ZipCode in ZipCode textfield
Entered Phone Number in Phone Number textfield
Clicked on Continue button in billing address
By default shipping address is displayed
Clicked on In pickup checkbox
Clicked on Continue button in shipping address
You will pay by COD message is displayed
Clicked on Continue button in Payment Information Page
By default order summary is displayed
Clicked on Confirm Button in Confirm Order Page
Clicked on Continue button in ThankYou Page]]>
  </system-out>
</testsuite> <!-- Tests.ComputerPageTest$ComputerTest -->
