<?xml version="1.0" encoding="UTF-8"?>
<!-- Generated by org.testng.reporters.JUnitReportReporter -->
<testsuite hostname="DESKTOP-85FK620" failures="0" tests="1" name="Tests.LoginTest" time="4.578" errors="0" timestamp="2022-11-18T21:53:23 IST" skipped="0">
  <testcase classname="Tests.LoginTest" name="login" time="4.578"/>
  <system-out/>
</testsuite> <!-- Tests.LoginTest -->
