<?xml version="1.0" encoding="UTF-8"?>
<!-- Generated by org.testng.reporters.JUnitReportReporter -->
<testsuite hostname="DESKTOP-85FK620" failures="0" tests="1" name="Tests.DesktopsTest" time="14.906" errors="0" timestamp="2022-11-17T13:02:27 IST" skipped="0">
  <testcase classname="Tests.DesktopsTest" name="desktop" time="14.906"/>
  <system-out/>
</testsuite> <!-- Tests.DesktopsTest -->
