<?xml version="1.0" encoding="UTF-8"?>
<!-- Generated by org.testng.reporters.JUnitReportReporter -->
<testsuite hostname="DESKTOP-85FK620" failures="0" tests="1" name="Tests.LoginTest" time="7.158" errors="0" timestamp="2022-11-16T17:19:35 IST" skipped="0">
  <testcase classname="Tests.LoginTest" name="login" time="7.158"/>
  <system-out/>
</testsuite> <!-- Tests.LoginTest -->
